
12월 30, 2022 09:54:58.72 NEW SESSION
12월 30, 2022 09:54:58.72 [18372:15764:1230/095458.723:ERROR:device_event_log_impl.cc(215)] [09:54:58.723] Bluetooth: bluetooth_adapter_winrt.cc:1074 Getting Default Adapter failed.
12월 30, 2022 09:55:56.68 [18372:16224:1230/095556.684:ERROR:util.cc(133)] Can't create base directory: C:\Program Files\Google\GoogleUpdater
12월 30, 2022 09:59:52.22 [804:6648:1230/095952.226:ERROR:device_event_log_impl.cc(215)] [09:59:52.226] Bluetooth: bluetooth_adapter_winrt.cc:1074 Getting Default Adapter failed.
12월 30, 2022 10:00:49.99 [804:688:1230/100049.991:ERROR:util.cc(133)] Can't create base directory: C:\Program Files\Google\GoogleUpdater
12월 30, 2022 10:41:17.49 [804:6648:1230/104117.495:ERROR:CONSOLE(1)] "console.assert", source: devtools://devtools/bundled/devtools-frontend/front_end/core/sdk/sdk.js (1)
12월 30, 2022 10:41:17.49 [804:6648:1230/104117.496:ERROR:CONSOLE(0)] "TypeError: Cannot read properties of null (reading 'resourceURL')", source:  (0)
12월 30, 2022 10:45:00.05 [804:6648:1230/104500.055:ERROR:CONSOLE(1)] "console.assert", source: devtools://devtools/bundled/devtools-frontend/front_end/core/sdk/sdk.js (1)
12월 30, 2022 10:45:00.05 [804:6648:1230/104500.055:ERROR:CONSOLE(0)] "TypeError: Cannot read properties of null (reading 'resourceURL')", source:  (0)
12월 30, 2022 10:45:10.23 [804:6648:1230/104510.232:ERROR:CONSOLE(1)] "console.assert", source: devtools://devtools/bundled/devtools-frontend/front_end/core/sdk/sdk.js (1)
12월 30, 2022 10:45:10.23 [804:6648:1230/104510.232:ERROR:CONSOLE(0)] "TypeError: Cannot read properties of null (reading 'resourceURL')", source:  (0)
12월 30, 2022 10:50:12.24 [804:6648:1230/105012.245:ERROR:CONSOLE(1)] "console.assert", source: devtools://devtools/bundled/devtools-frontend/front_end/core/sdk/sdk.js (1)
12월 30, 2022 10:50:12.24 [804:6648:1230/105012.245:ERROR:CONSOLE(0)] "TypeError: Cannot read properties of null (reading 'resourceURL')", source:  (0)
12월 30, 2022 10:50:12.56 [804:6648:1230/105012.560:ERROR:CONSOLE(1)] "console.assert", source: devtools://devtools/bundled/devtools-frontend/front_end/core/sdk/sdk.js (1)
12월 30, 2022 10:50:12.56 [804:6648:1230/105012.560:ERROR:CONSOLE(0)] "TypeError: Cannot read properties of null (reading 'resourceURL')", source:  (0)
12월 30, 2022 15:00:49.99 [804:16892:1230/150049.992:ERROR:util.cc(133)] Can't create base directory: C:\Program Files\Google\GoogleUpdater

1월 12, 2023 10:09:24.81 NEW SESSION
1월 12, 2023 10:09:24.81 [46760:22780:0112/100924.813:ERROR:device_event_log_impl.cc(215)] [10:09:24.813] Bluetooth: bluetooth_adapter_winrt.cc:1074 Getting Default Adapter failed.
1월 12, 2023 10:10:12.79 [21436:45516:0112/101012.795:ERROR:device_event_log_impl.cc(215)] [10:10:12.795] Bluetooth: bluetooth_adapter_winrt.cc:1074 Getting Default Adapter failed.
1월 12, 2023 10:11:10.58 [21436:45596:0112/101110.582:ERROR:util.cc(133)] Can't create base directory: C:\Program Files\Google\GoogleUpdater
1월 12, 2023 10:11:34.19 [21436:45516:0112/101134.193:ERROR:interface_endpoint_client.cc(694)] Message 0 rejected by interface blink.mojom.WidgetHost
1월 12, 2023 10:14:49.33 [21436:45516:0112/101449.330:ERROR:interface_endpoint_client.cc(694)] Message 0 rejected by interface blink.mojom.WidgetHost
1월 12, 2023 10:21:26.17 [libprotobuf ERROR ..\..\third_party\protobuf\src\google\protobuf\message_lite.cc:133] Can't parse message of type "safe_browsing.ClientDownloadRequest" because it is missing required fields: (cannot determine missing fields for lite message)
1월 12, 2023 10:21:44.34 [libprotobuf ERROR ..\..\third_party\protobuf\src\google\protobuf\message_lite.cc:133] Can't parse message of type "safe_browsing.ClientDownloadRequest" because it is missing required fields: (cannot determine missing fields for lite message)
1월 12, 2023 10:21:59.79 [libprotobuf ERROR ..\..\third_party\protobuf\src\google\protobuf\message_lite.cc:133] Can't parse message of type "safe_browsing.ClientDownloadRequest" because it is missing required fields: (cannot determine missing fields for lite message)
